This is pdfTeX, Version 3.141592653-2.6-1.40.23 (MiKTeX 21.8) (preloaded format=pdflatex 2021.9.30)  30 SEP 2021 09:25
entering extended mode
**./e344_A1_report.tex
(e344_A1_report.tex
LaTeX2e <2021-06-01> patch level 1
L3 programming layer <2021-08-27> (G:\Programs\miktex\tex/latex/base\report.cls
Document Class: report 2021/02/12 v1.4n Standard LaTeX document class
(G:\Programs\miktex\tex/latex/base\size12.clo
File: size12.clo 2021/02/12 v1.4n Standard LaTeX file (size option)
)
\c@part=\count182
\c@chapter=\count183
\c@section=\count184
\c@subsection=\count185
\c@subsubsection=\count186
\c@paragraph=\count187
\c@subparagraph=\count188
\c@figure=\count189
\c@table=\count190
\abovecaptionskip=\skip47
\belowcaptionskip=\skip48
\bibindent=\dimen138
)
(G:\Programs\miktex\tex/latex/geometry\geometry.sty
Package: geometry 2020/01/02 v5.9 Page Geometry

(G:\Programs\miktex\tex/latex/graphics\keyval.sty
Package: keyval 2014/10/28 v1.15 key=value parser (DPC)
\KV@toks@=\toks16
)
(G:\Programs\miktex\tex/generic/iftex\ifvtex.sty
Package: ifvtex 2019/10/25 v1.7 ifvtex legacy package. Use iftex instead.

(G:\Programs\miktex\tex/generic/iftex\iftex.sty
Package: iftex 2020/03/06 v1.0d TeX engine tests
))
\Gm@cnth=\count191
\Gm@cntv=\count192
\c@Gm@tempcnt=\count193
\Gm@bindingoffset=\dimen139
\Gm@wd@mp=\dimen140
\Gm@odd@mp=\dimen141
\Gm@even@mp=\dimen142
\Gm@layoutwidth=\dimen143
\Gm@layoutheight=\dimen144
\Gm@layouthoffset=\dimen145
\Gm@layoutvoffset=\dimen146
\Gm@dimlist=\toks17

(G:\Programs\miktex\tex/latex/geometry\geometry.cfg))
(G:\Programs\miktex\tex/latex/caption\caption.sty
Package: caption 2020/10/26 v3.5g Customizing captions (AR)

(G:\Programs\miktex\tex/latex/caption\caption3.sty
Package: caption3 2020/10/21 v2.2e caption3 kernel (AR)
\captionmargin=\dimen147
\captionmargin@=\dimen148
\captionwidth=\dimen149
\caption@tempdima=\dimen150
\caption@indent=\dimen151
\caption@parindent=\dimen152
\caption@hangindent=\dimen153
Package caption Info: Standard document class detected.
)
\c@caption@flags=\count194
\c@continuedfloat=\count195
)
(G:\Programs\miktex\tex/latex/wrapfig\wrapfig.sty
\wrapoverhang=\dimen154
\WF@size=\dimen155
\c@WF@wrappedlines=\count196
\WF@box=\box50
\WF@everypar=\toks18
Package: wrapfig 2003/01/31  v 3.6
)
(G:\Programs\miktex\tex/latex/graphics\graphicx.sty
Package: graphicx 2020/12/05 v1.2c Enhanced LaTeX Graphics (DPC,SPQR)

(G:\Programs\miktex\tex/latex/graphics\graphics.sty
Package: graphics 2021/03/04 v1.4d Standard LaTeX Graphics (DPC,SPQR)

(G:\Programs\miktex\tex/latex/graphics\trig.sty
Package: trig 2016/01/03 v1.10 sin cos tan (DPC)
)
(G:\Programs\miktex\tex/latex/graphics-cfg\graphics.cfg
File: graphics.cfg 2016/06/04 v1.11 sample graphics configuration
)
Package graphics Info: Driver file: pdftex.def on input line 107.

(G:\Programs\miktex\tex/latex/graphics-def\pdftex.def
File: pdftex.def 2020/10/05 v1.2a Graphics/color driver for pdftex
))
\Gin@req@height=\dimen156
\Gin@req@width=\dimen157
)
(G:\Programs\miktex\tex/latex/pdfpages\pdfpages.sty
Package: pdfpages 2021/03/06 v0.5t Insert pages of external PDF documents (AM)

(G:\Programs\miktex\tex/latex/base\ifthen.sty
Package: ifthen 2020/11/24 v1.1c Standard LaTeX ifthen package (DPC)
)
(G:\Programs\miktex\tex/latex/tools\calc.sty
Package: calc 2017/05/25 v4.3 Infix arithmetic (KKT,FJ)
\calc@Acount=\count197
\calc@Bcount=\count198
\calc@Adimen=\dimen158
\calc@Bdimen=\dimen159
\calc@Askip=\skip49
\calc@Bskip=\skip50
LaTeX Info: Redefining \setlength on input line 80.
LaTeX Info: Redefining \addtolength on input line 81.
\calc@Ccount=\count199
\calc@Cskip=\skip51
)
(G:\Programs\miktex\tex/latex/eso-pic\eso-pic.sty
Package: eso-pic 2020/10/14 v3.0a eso-pic (RN)
\ESO@tempdima=\dimen160
\ESO@tempdimb=\dimen161

(G:\Programs\miktex\tex/latex/xcolor\xcolor.sty
Package: xcolor 2016/05/11 v2.12 LaTeX color extensions (UK)

(G:\Programs\miktex\tex/latex/graphics-cfg\color.cfg
File: color.cfg 2016/01/02 v1.6 sample color configuration
)
Package xcolor Info: Driver file: pdftex.def on input line 225.
Package xcolor Info: Model `cmy' substituted by `cmy0' on input line 1348.
Package xcolor Info: Model `hsb' substituted by `rgb' on input line 1352.
Package xcolor Info: Model `RGB' extended on input line 1364.
Package xcolor Info: Model `HTML' substituted by `rgb' on input line 1366.
Package xcolor Info: Model `Hsb' substituted by `hsb' on input line 1367.
Package xcolor Info: Model `tHsb' substituted by `hsb' on input line 1368.
Package xcolor Info: Model `HSB' substituted by `hsb' on input line 1369.
Package xcolor Info: Model `Gray' substituted by `gray' on input line 1370.
Package xcolor Info: Model `wave' substituted by `hsb' on input line 1371.
))
\AM@pagewidth=\dimen162
\AM@pageheight=\dimen163
\AM@fboxrule=\dimen164

(G:\Programs\miktex\tex/latex/pdfpages\pppdftex.def
File: pppdftex.def 2021/03/06 v0.5t Pdfpages driver for pdfTeX (AM)
)
\pdfpages@includegraphics@status=\count266
\AM@pagebox=\box51
\AM@global@opts=\toks19
\AM@pagecnt=\count267
\AM@toc@title=\toks20
\c@AM@survey=\count268
\AM@templatesizebox=\box52
)
(G:\Programs\miktex\tex/latex/caption\subcaption.sty
Package: subcaption 2020/10/07 v1.3j Sub-captions (AR)
\c@subfigure=\count269
\c@subtable=\count270
)
(G:\Programs\miktex\tex/generic/babel\babel.sty
Package: babel 2021/07/22 3.63 The Babel package

(G:\Programs\miktex\tex/generic/babel\babel.def
File: babel.def 2021/07/22 3.63 Babel common definitions
\babel@savecnt=\count271
\U@D=\dimen165
\l@unhyphenated=\language79

(G:\Programs\miktex\tex/generic/babel\txtbabel.def)
\bbl@readstream=\read2
)
\bbl@dirlevel=\count272

*************************************
* Local config file bblopts.cfg used
*
(G:\Programs\miktex\tex/latex/arabi\bblopts.cfg
File: bblopts.cfg 2005/09/08 v0.1 add Arabic and Farsi to "declared" options of
 babel
)
(G:\Programs\miktex\tex/latex/babel-dutch\afrikaans.ldf
Language: dutch 2021/08/29 v3.8l Dutch support from the babel system
Package babel Info: Making " an active character on input line 127.
)
(G:\Programs\miktex\tex/latex/babel-english\english.ldf
Language: english 2017/06/06 v3.3r English support from the babel system
Package babel Info: Hyphen rules for 'canadian' set to \l@english
(babel)             (\language0). Reported on input line 102.
Package babel Info: Hyphen rules for 'australian' set to \l@ukenglish
(babel)             (\language73). Reported on input line 105.
Package babel Info: Hyphen rules for 'newzealand' set to \l@ukenglish
(babel)             (\language73). Reported on input line 108.
))
(G:\Programs\miktex\tex/latex/microtype\microtype.sty
Package: microtype 2021/03/14 v2.8c Micro-typographical refinements (RS)
\MT@toks=\toks21
\MT@count=\count273
LaTeX Info: Redefining \textls on input line 790.
\MT@outer@kern=\dimen166
LaTeX Info: Redefining \textmicrotypecontext on input line 1374.
\MT@listname@count=\count274

(G:\Programs\miktex\tex/latex/microtype\microtype-pdftex.def
File: microtype-pdftex.def 2021/03/14 v2.8c Definitions specific to pdftex (RS)

LaTeX Info: Redefining \lsstyle on input line 915.
LaTeX Info: Redefining \lslig on input line 915.
\MT@outer@space=\skip52
)
Package microtype Info: Loading configuration file microtype.cfg.

(G:\Programs\miktex\tex/latex/microtype\microtype.cfg
File: microtype.cfg 2021/03/14 v2.8c microtype main configuration file (RS)
))
(G:\Programs\miktex\tex/latex/setspace\setspace.sty
Package: setspace 2011/12/19 v6.7a set line spacing
)
(G:\Programs\miktex\tex/latex/lm\lmodern.sty
Package: lmodern 2009/10/30 v1.6 Latin Modern Fonts
LaTeX Font Info:    Overwriting symbol font `operators' in version `normal'
(Font)                  OT1/cmr/m/n --> OT1/lmr/m/n on input line 22.
LaTeX Font Info:    Overwriting symbol font `letters' in version `normal'
(Font)                  OML/cmm/m/it --> OML/lmm/m/it on input line 23.
LaTeX Font Info:    Overwriting symbol font `symbols' in version `normal'
(Font)                  OMS/cmsy/m/n --> OMS/lmsy/m/n on input line 24.
LaTeX Font Info:    Overwriting symbol font `largesymbols' in version `normal'
(Font)                  OMX/cmex/m/n --> OMX/lmex/m/n on input line 25.
LaTeX Font Info:    Overwriting symbol font `operators' in version `bold'
(Font)                  OT1/cmr/bx/n --> OT1/lmr/bx/n on input line 26.
LaTeX Font Info:    Overwriting symbol font `letters' in version `bold'
(Font)                  OML/cmm/b/it --> OML/lmm/b/it on input line 27.
LaTeX Font Info:    Overwriting symbol font `symbols' in version `bold'
(Font)                  OMS/cmsy/b/n --> OMS/lmsy/b/n on input line 28.
LaTeX Font Info:    Overwriting symbol font `largesymbols' in version `bold'
(Font)                  OMX/cmex/m/n --> OMX/lmex/m/n on input line 29.
LaTeX Font Info:    Overwriting math alphabet `\mathbf' in version `normal'
(Font)                  OT1/cmr/bx/n --> OT1/lmr/bx/n on input line 31.
LaTeX Font Info:    Overwriting math alphabet `\mathsf' in version `normal'
(Font)                  OT1/cmss/m/n --> OT1/lmss/m/n on input line 32.
LaTeX Font Info:    Overwriting math alphabet `\mathit' in version `normal'
(Font)                  OT1/cmr/m/it --> OT1/lmr/m/it on input line 33.
LaTeX Font Info:    Overwriting math alphabet `\mathtt' in version `normal'
(Font)                  OT1/cmtt/m/n --> OT1/lmtt/m/n on input line 34.
LaTeX Font Info:    Overwriting math alphabet `\mathbf' in version `bold'
(Font)                  OT1/cmr/bx/n --> OT1/lmr/bx/n on input line 35.
LaTeX Font Info:    Overwriting math alphabet `\mathsf' in version `bold'
(Font)                  OT1/cmss/bx/n --> OT1/lmss/bx/n on input line 36.
LaTeX Font Info:    Overwriting math alphabet `\mathit' in version `bold'
(Font)                  OT1/cmr/bx/it --> OT1/lmr/bx/it on input line 37.
LaTeX Font Info:    Overwriting math alphabet `\mathtt' in version `bold'
(Font)                  OT1/cmtt/m/n --> OT1/lmtt/m/n on input line 38.
)
(G:\Programs\miktex\tex/latex/siunitx\siunitx.sty
Package: siunitx 2021-09-14 v3.0.30 A comprehensive (SI) units package
\l__siunitx_angle_tmp_dim=\dimen167
\l__siunitx_angle_marker_box=\box53
\l__siunitx_angle_unit_box=\box54
\l__siunitx_compound_count_int=\count275

(G:\Programs\miktex\tex/latex/translations\translations.sty
Package: translations 2021/01/17 v1.10a internationalization of LaTeX2e package
s (CN)

(G:\Programs\miktex\tex/latex/etoolbox\etoolbox.sty
Package: etoolbox 2020/10/05 v2.5k e-TeX tools for LaTeX (JAW)
\etb@tempcnta=\count276
)
(G:\Programs\miktex\tex/generic/pdftexcmds\pdftexcmds.sty
Package: pdftexcmds 2020-06-27 v0.33 Utility functions of pdfTeX for LuaTeX (HO
)

(G:\Programs\miktex\tex/generic/infwarerr\infwarerr.sty
Package: infwarerr 2019/12/03 v1.5 Providing info/warning/error messages (HO)
)
(G:\Programs\miktex\tex/generic/ltxcmds\ltxcmds.sty
Package: ltxcmds 2020-05-10 v1.25 LaTeX kernel commands for general use (HO)
)
Package pdftexcmds Info: \pdf@primitive is available.
Package pdftexcmds Info: \pdf@ifprimitive is available.
Package pdftexcmds Info: \pdfdraftmode found.
))
\l__siunitx_number_exponent_fixed_int=\count277
\l__siunitx_number_min_decimal_int=\count278
\l__siunitx_number_min_integer_int=\count279
\l__siunitx_number_round_precision_int=\count280
\l__siunitx_number_group_minimum_int=\count281

(G:\Programs\miktex\tex/latex/amsmath\amstext.sty
Package: amstext 2000/06/29 v2.01 AMS text

(G:\Programs\miktex\tex/latex/amsmath\amsgen.sty
File: amsgen.sty 1999/11/30 v2.0 generic functions
\@emptytoks=\toks22
\ex@=\dimen168
))
\l__siunitx_table_tmp_box=\box55
\l__siunitx_table_tmp_dim=\dimen169
\l__siunitx_table_column_width_dim=\dimen170
\l__siunitx_table_integer_box=\box56
\l__siunitx_table_decimal_box=\box57
\l__siunitx_table_before_box=\box58
\l__siunitx_table_after_box=\box59
\l__siunitx_table_before_dim=\dimen171
\l__siunitx_table_carry_dim=\dimen172
\l__siunitx_unit_tmp_int=\count282
\l__siunitx_unit_position_int=\count283
\l__siunitx_unit_total_int=\count284

(G:\Programs\miktex\tex/latex/l3packages/l3keys2e\l3keys2e.sty
(G:\Programs\miktex\tex/latex/l3kernel\expl3.sty
Package: expl3 2021-08-27 L3 programming layer (loader) 

(G:\Programs\miktex\tex/latex/l3backend\l3backend-pdftex.def
File: l3backend-pdftex.def 2021-08-04 L3 backend support: PDF output (pdfTeX)
\l__color_backend_stack_int=\count285
\l__pdf_internal_box=\box60
))
Package: l3keys2e 2021-08-27 LaTeX2e option processing using LaTeX3 keys
)
(G:\Programs\miktex\tex/latex/tools\array.sty
Package: array 2021/04/20 v2.5e Tabular extension package (FMi)
\col@sep=\dimen173
\ar@mcellbox=\box61
\extrarowheight=\dimen174
\NC@list=\toks23
\extratabsurround=\skip53
\backup@length=\skip54
\ar@cellbox=\box62
))
(G:\Programs\miktex\tex/latex/lipsum\lipsum.sty
Package: lipsum 2021-08-01 v2.5 150 paragraphs of Lorem Ipsum dummy text
\g__lipsum_par_int=\count286
\l__lipsum_a_int=\count287
\l__lipsum_b_int=\count288

(G:\Programs\miktex\tex/latex/lipsum\lipsum.ltd.tex))
(G:\Programs\miktex\tex/latex/titlesec\titlesec.sty
Package: titlesec 2021/07/05 v2.14 Sectioning titles
\ttl@box=\box63
\beforetitleunit=\skip55
\aftertitleunit=\skip56
\ttl@plus=\dimen175
\ttl@minus=\dimen176
\ttl@toksa=\toks24
\titlewidth=\dimen177
\titlewidthlast=\dimen178
\titlewidthfirst=\dimen179
)
(G:\Programs\miktex\tex/latex/amsmath\amsmath.sty
Package: amsmath 2021/04/20 v2.17j AMS math features
\@mathmargin=\skip57

For additional information on amsmath, use the `?' option.
(G:\Programs\miktex\tex/latex/amsmath\amsbsy.sty
Package: amsbsy 1999/11/29 v1.2d Bold Symbols
\pmbraise@=\dimen180
)
(G:\Programs\miktex\tex/latex/amsmath\amsopn.sty
Package: amsopn 2016/03/08 v2.02 operator names
)
\inf@bad=\count289
LaTeX Info: Redefining \frac on input line 234.
\uproot@=\count290
\leftroot@=\count291
LaTeX Info: Redefining \overline on input line 399.
\classnum@=\count292
\DOTSCASE@=\count293
LaTeX Info: Redefining \ldots on input line 496.
LaTeX Info: Redefining \dots on input line 499.
LaTeX Info: Redefining \cdots on input line 620.
\Mathstrutbox@=\box64
\strutbox@=\box65
\big@size=\dimen181
LaTeX Font Info:    Redeclaring font encoding OML on input line 743.
LaTeX Font Info:    Redeclaring font encoding OMS on input line 744.
\macc@depth=\count294
\c@MaxMatrixCols=\count295
\dotsspace@=\muskip16
\c@parentequation=\count296
\dspbrk@lvl=\count297
\tag@help=\toks25
\row@=\count298
\column@=\count299
\maxfields@=\count300
\andhelp@=\toks26
\eqnshift@=\dimen182
\alignsep@=\dimen183
\tagshift@=\dimen184
\tagwidth@=\dimen185
\totwidth@=\dimen186
\lineht@=\dimen187
\@envbody=\toks27
\multlinegap=\skip58
\multlinetaggap=\skip59
\mathdisplay@stack=\toks28
LaTeX Info: Redefining \[ on input line 2923.
LaTeX Info: Redefining \] on input line 2924.
)
(G:\Programs\miktex\tex/latex/amsfonts\amssymb.sty
Package: amssymb 2013/01/14 v3.01 AMS font symbols

(G:\Programs\miktex\tex/latex/amsfonts\amsfonts.sty
Package: amsfonts 2013/01/14 v3.01 Basic AMSFonts support
\symAMSa=\mathgroup4
\symAMSb=\mathgroup5
LaTeX Font Info:    Redeclaring math symbol \hbar on input line 98.
LaTeX Font Info:    Overwriting math alphabet `\mathfrak' in version `bold'
(Font)                  U/euf/m/n --> U/euf/b/n on input line 106.
))
(G:\Programs\miktex\tex/latex/cancel\cancel.sty
Package: cancel 2013/04/12 v2.2 Cancel math terms
)
(G:\Programs\miktex\tex/latex/booktabs\booktabs.sty
Package: booktabs 2020/01/12 v1.61803398 Publication quality tables
\heavyrulewidth=\dimen188
\lightrulewidth=\dimen189
\cmidrulewidth=\dimen190
\belowrulesep=\dimen191
\belowbottomsep=\dimen192
\aboverulesep=\dimen193
\abovetopsep=\dimen194
\cmidrulesep=\dimen195
\cmidrulekern=\dimen196
\defaultaddspace=\dimen197
\@cmidla=\count301
\@cmidlb=\count302
\@aboverulesep=\dimen198
\@belowrulesep=\dimen199
\@thisruleclass=\count303
\@lastruleclass=\count304
\@thisrulewidth=\dimen256
)
(G:\Programs\miktex\tex/latex/tools\tabularx.sty
Package: tabularx 2020/01/15 v2.11c `tabularx' package (DPC)
\TX@col@width=\dimen257
\TX@old@table=\dimen258
\TX@old@col=\dimen259
\TX@target=\dimen260
\TX@delta=\dimen261
\TX@cols=\count305
\TX@ftn=\toks29
)
(G:\Programs\miktex\tex/latex/multirow\multirow.sty
Package: multirow 2021/03/15 v2.8 Span multiple rows of a table
\multirow@colwidth=\skip60
\multirow@cntb=\count306
\multirow@dima=\skip61
\bigstrutjot=\dimen262
)
(G:\Programs\miktex\tex/latex/fancyhdr\fancyhdr.sty
Package: fancyhdr 2021/01/28 v4.0.1 Extensive control of page headers and foote
rs
\f@nch@headwidth=\skip62
\f@nch@O@elh=\skip63
\f@nch@O@erh=\skip64
\f@nch@O@olh=\skip65
\f@nch@O@orh=\skip66
\f@nch@O@elf=\skip67
\f@nch@O@erf=\skip68
\f@nch@O@olf=\skip69
\f@nch@O@orf=\skip70
)
(G:\Programs\miktex\tex/latex/algorithms\algorithm.sty
Package: algorithm 2009/08/24 v0.1 Document Style `algorithm' - floating enviro
nment

(G:\Programs\miktex\tex/latex/float\float.sty
Package: float 2001/11/08 v1.3d Float enhancements (AL)
\c@float@type=\count307
\float@exts=\toks30
\float@box=\box66
\@float@everytoks=\toks31
\@floatcapt=\box67
)
\@float@every@algorithm=\toks32
\c@algorithm=\count308
)
(G:\Programs\miktex\tex/latex/hyperref\hyperref.sty
Package: hyperref 2021-06-07 v7.00m Hypertext links for LaTeX

(G:\Programs\miktex\tex/generic/kvsetkeys\kvsetkeys.sty
Package: kvsetkeys 2019/12/15 v1.18 Key value parser (HO)
)
(G:\Programs\miktex\tex/generic/kvdefinekeys\kvdefinekeys.sty
Package: kvdefinekeys 2019-12-19 v1.6 Define keys (HO)
)
(G:\Programs\miktex\tex/generic/pdfescape\pdfescape.sty
Package: pdfescape 2019/12/09 v1.15 Implements pdfTeX's escape features (HO)
)
(G:\Programs\miktex\tex/latex/hycolor\hycolor.sty
Package: hycolor 2020-01-27 v1.10 Color options for hyperref/bookmark (HO)
)
(G:\Programs\miktex\tex/latex/letltxmacro\letltxmacro.sty
Package: letltxmacro 2019/12/03 v1.6 Let assignment for LaTeX macros (HO)
)
(G:\Programs\miktex\tex/latex/auxhook\auxhook.sty
Package: auxhook 2019-12-17 v1.6 Hooks for auxiliary files (HO)
)
(G:\Programs\miktex\tex/latex/kvoptions\kvoptions.sty
Package: kvoptions 2020-10-07 v3.14 Key value format for package options (HO)
)
\@linkdim=\dimen263
\Hy@linkcounter=\count309
\Hy@pagecounter=\count310

(G:\Programs\miktex\tex/latex/hyperref\pd1enc.def
File: pd1enc.def 2021-06-07 v7.00m Hyperref: PDFDocEncoding definition (HO)
Now handling font encoding PD1 ...
... no UTF-8 mapping file for font encoding PD1
)
(G:\Programs\miktex\tex/latex/hyperref\hyperref-langpatches.def
File: hyperref-langpatches.def 2021-06-07 v7.00m Hyperref: patches for babel la
nguages
)
(G:\Programs\miktex\tex/generic/intcalc\intcalc.sty
Package: intcalc 2019/12/15 v1.3 Expandable calculations with integers (HO)
)
(G:\Programs\miktex\tex/generic/etexcmds\etexcmds.sty
Package: etexcmds 2019/12/15 v1.7 Avoid name clashes with e-TeX commands (HO)
)
\Hy@SavedSpaceFactor=\count311

(G:\Programs\miktex\tex/latex/hyperref\puenc.def
File: puenc.def 2021-06-07 v7.00m Hyperref: PDF Unicode definition (HO)
Now handling font encoding PU ...
... no UTF-8 mapping file for font encoding PU
)
Package hyperref Info: Hyper figures OFF on input line 4192.
Package hyperref Info: Link nesting OFF on input line 4197.
Package hyperref Info: Hyper index ON on input line 4200.
Package hyperref Info: Plain pages OFF on input line 4207.
Package hyperref Info: Backreferencing OFF on input line 4212.
Package hyperref Info: Implicit mode ON; LaTeX internals redefined.
Package hyperref Info: Bookmarks ON on input line 4445.
\c@Hy@tempcnt=\count312

(G:\Programs\miktex\tex/latex/url\url.sty
\Urlmuskip=\muskip17
Package: url 2013/09/16  ver 3.4  Verb mode for urls, etc.
)
LaTeX Info: Redefining \url on input line 4804.
\XeTeXLinkMargin=\dimen264

(G:\Programs\miktex\tex/generic/bitset\bitset.sty
Package: bitset 2019/12/09 v1.3 Handle bit-vector datatype (HO)

(G:\Programs\miktex\tex/generic/bigintcalc\bigintcalc.sty
Package: bigintcalc 2019/12/15 v1.5 Expandable calculations on big integers (HO
)
))
\Fld@menulength=\count313
\Field@Width=\dimen265
\Fld@charsize=\dimen266
Package hyperref Info: Hyper figures OFF on input line 6076.
Package hyperref Info: Link nesting OFF on input line 6081.
Package hyperref Info: Hyper index ON on input line 6084.
Package hyperref Info: backreferencing OFF on input line 6091.
Package hyperref Info: Link coloring OFF on input line 6096.
Package hyperref Info: Link coloring with OCG OFF on input line 6101.
Package hyperref Info: PDF/A mode OFF on input line 6106.
LaTeX Info: Redefining \ref on input line 6146.
LaTeX Info: Redefining \pageref on input line 6150.

(G:\Programs\miktex\tex/latex/base\atbegshi-ltx.sty
Package: atbegshi-ltx 2021/01/10 v1.0c Emulation of the original atbegshi
package with kernel methods
)
\Hy@abspage=\count314
\c@Item=\count315
\c@Hfootnote=\count316
)
Package hyperref Info: Driver (autodetected): hpdftex.

(G:\Programs\miktex\tex/latex/hyperref\hpdftex.def
File: hpdftex.def 2021-06-07 v7.00m Hyperref driver for pdfTeX

(G:\Programs\miktex\tex/latex/base\atveryend-ltx.sty
Package: atveryend-ltx 2020/08/19 v1.0a Emulation of the original atvery packag
e
with kernel methods
)
\Fld@listcount=\count317
\c@bookmark@seq@number=\count318

(G:\Programs\miktex\tex/latex/rerunfilecheck\rerunfilecheck.sty
Package: rerunfilecheck 2019/12/05 v1.9 Rerun checks for auxiliary files (HO)

(G:\Programs\miktex\tex/generic/uniquecounter\uniquecounter.sty
Package: uniquecounter 2019/12/15 v1.4 Provide unlimited unique counter (HO)
)
Package uniquecounter Info: New unique counter `rerunfilecheck' on input line 2
86.
)
\Hy@SectionHShift=\skip71
)
Package hyperref Info: Option `colorlinks' set `true' on input line 93.

(G:\Programs\miktex\tex/latex/tocbibind\tocbibind.sty
Package: tocbibind 2010/10/13 v1.5k extra ToC listings
Package tocbibind Info: The document has chapter divisions on input line 50.


Package tocbibind Note: Using chapter style headings, unless overridden.

) (G:\Programs\miktex\tex/latex/algorithmicx\algpseudocode.sty
Package: algpseudocode 

(G:\Programs\miktex\tex/latex/algorithmicx\algorithmicx.sty
Package: algorithmicx 2005/04/27 v1.2 Algorithmicx

Document Style algorithmicx 1.2 - a greatly improved `algorithmic' style
\c@ALG@line=\count319
\c@ALG@rem=\count320
\c@ALG@nested=\count321
\ALG@tlm=\skip72
\ALG@thistlm=\skip73
\c@ALG@Lnr=\count322
\c@ALG@blocknr=\count323
\c@ALG@storecount=\count324
\c@ALG@tmpcounter=\count325
\ALG@tmplength=\skip74
)
Document Style - pseudocode environments for use with the `algorithmicx' style
) (G:\Programs\miktex\tex/latex/cite\cite.sty
LaTeX Info: Redefining \cite on input line 302.
LaTeX Info: Redefining \nocite on input line 332.
Package: cite 2015/02/27  v 5.5
)
(G:\Programs\miktex\tex/latex/ulem\ulem.sty
\UL@box=\box68
\UL@hyphenbox=\box69
\UL@skip=\skip75
\UL@hook=\toks33
\UL@height=\dimen267
\UL@pe=\count326
\UL@pixel=\dimen268
\ULC@box=\box70
Package: ulem 2019/11/18
\ULdepth=\dimen269
)
LaTeX Font Info:    Trying to load font information for OT1+lmr on input line 1
13.

(G:\Programs\miktex\tex/latex/lm\ot1lmr.fd
File: ot1lmr.fd 2009/10/30 v1.6 Font defs for Latin Modern
) (e344_A1_report.aux (Literature.aux) (SystemDesign.aux) (DesignDetails.aux) (
Results.aux

LaTeX Warning: Label `fig:two' multiply defined.

) (App-A.aux) (App-B.aux))
\openout1 = `e344_A1_report.aux'.

LaTeX Font Info:    Checking defaults for OML/cmm/m/it on input line 113.
LaTeX Font Info:    ... okay on input line 113.
LaTeX Font Info:    Checking defaults for OMS/cmsy/m/n on input line 113.
LaTeX Font Info:    ... okay on input line 113.
LaTeX Font Info:    Checking defaults for OT1/cmr/m/n on input line 113.
LaTeX Font Info:    ... okay on input line 113.
LaTeX Font Info:    Checking defaults for T1/cmr/m/n on input line 113.
LaTeX Font Info:    ... okay on input line 113.
LaTeX Font Info:    Checking defaults for TS1/cmr/m/n on input line 113.
LaTeX Font Info:    ... okay on input line 113.
LaTeX Font Info:    Checking defaults for OMX/cmex/m/n on input line 113.
LaTeX Font Info:    ... okay on input line 113.
LaTeX Font Info:    Checking defaults for U/cmr/m/n on input line 113.
LaTeX Font Info:    ... okay on input line 113.
LaTeX Font Info:    Checking defaults for PD1/pdf/m/n on input line 113.
LaTeX Font Info:    ... okay on input line 113.
LaTeX Font Info:    Checking defaults for PU/pdf/m/n on input line 113.
LaTeX Font Info:    ... okay on input line 113.

*geometry* driver: auto-detecting
*geometry* detected driver: pdftex
*geometry* verbose mode - [ preamble ] result:
* driver: pdftex
* paper: a4paper
* layout: <same size as paper>
* layoutoffset:(h,v)=(0.0pt,0.0pt)
* modes: 
* h-part:(L,W,R)=(62.59596pt, 472.31595pt, 62.59596pt)
* v-part:(T,H,B)=(62.59596pt, 719.85492pt, 62.59596pt)
* \paperwidth=597.50787pt
* \paperheight=845.04684pt
* \textwidth=472.31595pt
* \textheight=719.85492pt
* \oddsidemargin=-9.67403pt
* \evensidemargin=-9.67403pt
* \topmargin=-46.67403pt
* \headheight=14.5pt
* \headsep=25.0pt
* \topskip=12.0pt
* \footskip=30.0pt
* \marginparwidth=35.0pt
* \marginparsep=10.0pt
* \columnsep=10.0pt
* \skip\footins=10.8pt plus 4.0pt minus 2.0pt
* \hoffset=0.0pt
* \voffset=0.0pt
* \mag=1000
* \@twocolumnfalse
* \@twosidefalse
* \@mparswitchfalse
* \@reversemarginfalse
* (1in=72.27pt=25.4mm, 1cm=28.453pt)

Package caption Info: Begin \AtBeginDocument code.
Package caption Info: float package is loaded.
Package caption Info: hyperref package is loaded.
Package caption Info: wrapfig package is loaded.
Package caption Info: End \AtBeginDocument code.
(G:\Programs\miktex\tex/context/base/mkii\supp-pdf.mkii
[Loading MPS to PDF converter (version 2006.09.02).]
\scratchcounter=\count327
\scratchdimen=\dimen270
\scratchbox=\box71
\nofMPsegments=\count328
\nofMParguments=\count329
\everyMPshowfont=\toks34
\MPscratchCnt=\count330
\MPscratchDim=\dimen271
\MPnumerator=\count331
\makeMPintoPDFobject=\count332
\everyMPtoPDFconversion=\toks35
) (G:\Programs\miktex\tex/latex/epstopdf-pkg\epstopdf-base.sty
Package: epstopdf-base 2020-01-24 v2.11 Base part for package epstopdf

(G:\Programs\miktex\tex/latex/grfext\grfext.sty
Package: grfext 2019/12/03 v1.3 Manage graphics extensions (HO)
)
Package epstopdf-base Info: Redefining graphics rule for `.eps' on input line 4
85.
Package grfext Info: Graphics extension search list:
(grfext)             [.pdf,.png,.jpg,.mps,.jpeg,.jbig2,.jb2,.PDF,.PNG,.JPG,.JPE
G,.JBIG2,.JB2,.eps]
(grfext)             \AppendGraphicsExtensions on input line 504.

(G:\Programs\miktex\tex/latex/00miktex\epstopdf-sys.cfg
File: epstopdf-sys.cfg 2021/03/18 v2.0 Configuration of epstopdf for MiKTeX
))
(G:\Programs\miktex\tex/latex/pdflscape\pdflscape.sty
Package: pdflscape 2019/12/05 v0.12 Display of landscape pages in PDF (HO)

(G:\Programs\miktex\tex/latex/graphics\lscape.sty
Package: lscape 2020/05/28 v3.02 Landscape Pages (DPC)
)
Package pdflscape Info: Auto-detected driver: pdftex on input line 81.
)
LaTeX Info: Redefining \microtypecontext on input line 113.
Package microtype Info: Generating PDF output.
Package microtype Info: Character protrusion enabled (level 2).
Package microtype Info: Using default protrusion set `alltext'.
Package microtype Info: Automatic font expansion enabled (level 2),
(microtype)             stretch: 20, shrink: 20, step: 1, non-selected.
Package microtype Info: Using default expansion set `alltext-nott'.
LaTeX Info: Redefining \showhyphens on input line 113.
Package microtype Info: No adjustment of tracking.
Package microtype Info: No adjustment of interword spacing.
Package microtype Info: No adjustment of character kerning.

(G:\Programs\miktex\tex/latex/microtype\mt-cmr.cfg
File: mt-cmr.cfg 2013/05/19 v2.2 microtype config. file: Computer Modern Roman 
(RS)
)
(G:\Programs\miktex\tex/latex/translations/dicts\translations-basic-dictionary-
english.trsl
File: translations-basic-dictionary-english.trsl (english translation file `tra
nslations-basic-dictionary')
)
Package translations Info: loading dictionary `translations-basic-dictionary' f
or `english'. on input line 113.
Package translations Info: no dictionary file `translations-basic-dictionary-af
rikaans.trsl' found. on input line 113.
Package hyperref Info: Link coloring ON on input line 113.
 (G:\Programs\miktex\tex/latex/hyperref\nameref.sty
Package: nameref 2021-04-02 v2.47 Cross-referencing by name of section

(G:\Programs\miktex\tex/latex/refcount\refcount.sty
Package: refcount 2019/12/15 v3.6 Data extraction from label references (HO)
)
(G:\Programs\miktex\tex/generic/gettitlestring\gettitlestring.sty
Package: gettitlestring 2019/12/15 v1.6 Cleanup title references (HO)
)
\c@section@level=\count333
)
LaTeX Info: Redefining \ref on input line 113.
LaTeX Info: Redefining \pageref on input line 113.
LaTeX Info: Redefining \nameref on input line 113.

(e344_A1_report.out) (e344_A1_report.out)
\@outlinefile=\write3
\openout3 = `e344_A1_report.out'.

 (frontmatter/skripsie_title_page.tex
<USlogo-top.pdf, id=147, 560.0925pt x 183.68625pt>
File: USlogo-top.pdf Graphic file (type pdf)
<use USlogo-top.pdf>
Package pdftex.def Info: USlogo-top.pdf  used on input line 7.
(pdftex.def)             Requested size: 284.52756pt x 93.31717pt.
LaTeX Font Info:    Trying to load font information for OT1+lmss on input line 
11.

(G:\Programs\miktex\tex/latex/lm\ot1lmss.fd
File: ot1lmss.fd 2009/10/30 v1.6 Font defs for Latin Modern
)
Package microtype Info: Loading generic protrusion settings for font family
(microtype)             `lmss' (encoding: OT1).
(microtype)             For optimal results, create family-specific settings.
(microtype)             See the microtype manual for details.
 [1

{C:/Users/fharr/AppData/Local/MiKTeX/pdftex/config/pdftex.map} <G:/Programs/mik
tex/tex/latex/stellenbosch/logos/USlogo-top.pdf>]) (frontmatter/declaration.tex
File: USlogo-top.pdf Graphic file (type pdf)
<use USlogo-top.pdf>
Package pdftex.def Info: USlogo-top.pdf  used on input line 7.
(pdftex.def)             Requested size: 227.62204pt x 74.65036pt.
LaTeX Font Info:    Font shape `OT1/lmss/bx/it' in size <17.28> not available
(Font)              Font shape `OT1/lmss/bx/sl' tried instead on input line 10.


(G:\Programs\miktex\tex/latex/lm\omllmm.fd)
(G:\Programs\miktex\tex/latex/lm\omslmsy.fd)
(G:\Programs\miktex\tex/latex/lm\omxlmex.fd)
(G:\Programs\miktex\tex/latex/amsfonts\umsa.fd)
(G:\Programs\miktex\tex/latex/microtype\mt-msa.cfg)
(G:\Programs\miktex\tex/latex/amsfonts\umsb.fd)
(G:\Programs\miktex\tex/latex/microtype\mt-msb.cfg)
File: frontmatter/fig/sig.png Graphic file (type png)
<use frontmatter/fig/sig.png>
Package pdftex.def Info: frontmatter/fig/sig.png  used on input line 43.
(pdftex.def)             Requested size: 98.32416pt x 42.67912pt.
) [1 <./frontmatter/fig/sig.png>] (e344_A1_report.toc [2

])
\tf@toc=\write4
\openout4 = `e344_A1_report.toc'.

 [3] (e344_A1_report.lof)
\tf@lof=\write5
\openout5 = `e344_A1_report.lof'.

 [4

] [5]
(e344_A1_report.lot)
\tf@lot=\write6
\openout6 = `e344_A1_report.lot'.

 (frontmatter/nomenclature.tex [6

] [7

]
Overfull \hbox (17.62482pt too wide) in paragraph at lines 69--71
[][] 
 []

[8]
LaTeX Font Info:    Trying to load font information for TS1+lmr on input line 8
3.
 (G:\Programs\miktex\tex/latex/lm\ts1lmr.fd
File: ts1lmr.fd 2009/10/30 v1.6 Font defs for Latin Modern
)) [9]
\openout2 = `Literature.aux'.

 (Literature.tex
Chapter 1.
<Figures/MPPT.png, id=430, 500.62032pt x 261.22594pt>
File: Figures/MPPT.png Graphic file (type png)
<use Figures/MPPT.png>
Package pdftex.def Info: Figures/MPPT.png  used on input line 20.
(pdftex.def)             Requested size: 170.03403pt x 88.72395pt.

Underfull \hbox (badness 1199) in paragraph at lines 17--23
[]\OT1/lmr/m/n/12 (+20) From fig-ure [][]1.1[][] it can be seen that there are 
two points at which the lines
 []

[1


 <./Figures/MPPT.png>]
LaTeX Font Info:    External font `lmex10' loaded for size
(Font)              <10> on input line 39.
LaTeX Font Info:    External font `lmex10' loaded for size
(Font)              <7> on input line 39.
LaTeX Font Info:    External font `lmex10' loaded for size
(Font)              <5> on input line 39.
<Figures/cc.jpg, id=449, 323.70938pt x 314.67563pt>
File: Figures/cc.jpg Graphic file (type jpg)
<use Figures/cc.jpg>
Package pdftex.def Info: Figures/cc.jpg  used on input line 69.
(pdftex.def)             Requested size: 129.48145pt x 125.86801pt.
 [2 <./Figures/cc.jpg>]
<Figures/fig2.png, id=466, 445.665pt x 219.82124pt>
File: Figures/fig2.png Graphic file (type png)
<use Figures/fig2.png>
Package pdftex.def Info: Figures/fig2.png  used on input line 84.
(pdftex.def)             Requested size: 222.83195pt x 109.91034pt.

Underfull \hbox (badness 10000) in paragraph at lines 81--87
[]\OT1/lmr/m/n/12 (+20) The C rat-ing is a mea-sure-ment of the rate at which a

 []


Underfull \hbox (badness 10000) in paragraph at lines 81--87
\OT1/lmr/m/n/12 (+20) bat-tery will dis-charge rel-a-tive to its max-i-mum ca-p
ac-ity [[][]15[][]].
 []

<./Figures/temperature.png, id=474, 444.91219pt x 306.39468pt>
File: ./Figures/temperature.png Graphic file (type png)
<use ./Figures/temperature.png>
Package pdftex.def Info: ./Figures/temperature.png  used on input line 102.
(pdftex.def)             Requested size: 198.37183pt x 136.60934pt.
<./Figures/c-t.png, id=475, 377.15906pt x 389.95688pt>
File: ./Figures/c-t.png Graphic file (type png)
<use ./Figures/c-t.png>
Package pdftex.def Info: ./Figures/c-t.png  used on input line 107.
(pdftex.def)             Requested size: 141.69621pt x 146.50122pt.
) [3 <./Figures/fig2.png> <./Figures/temperature.png> <./Figures/c-t.png>]
\openout2 = `SystemDesign.aux'.


(SystemDesign.tex
Chapter 2.
<./Figures/A2.png, id=493, 543.02875pt x 91.34125pt>
File: ./Figures/A2.png Graphic file (type png)
<use ./Figures/A2.png>
Package pdftex.def Info: ./Figures/A2.png  used on input line 8.
(pdftex.def)             Requested size: 271.5137pt x 45.6705pt.
<./Figures/A3.png, id=495, 603.25375pt x 172.645pt>
File: ./Figures/A3.png Graphic file (type png)
<use ./Figures/A3.png>
Package pdftex.def Info: ./Figures/A3.png  used on input line 19.
(pdftex.def)             Requested size: 301.62613pt x 86.32228pt.
[4




 <./Figures/A2.png> <./Figures/A3.png>]
<./Figures/A5.png, id=503, 1044.90375pt x 261.97874pt>
File: ./Figures/A5.png Graphic file (type png)
<use ./Figures/A5.png>
Package pdftex.def Info: ./Figures/A5.png  used on input line 31.
(pdftex.def)             Requested size: 470.20235pt x 117.88934pt.
) [5 <./Figures/A5.png>]
\openout2 = `DesignDetails.aux'.


(DesignDetails.tex
Chapter 3.
[6




]
<Figures/temp.png, id=529, 469.755pt x 454.69875pt>
File: Figures/temp.png Graphic file (type png)
<use Figures/temp.png>
Package pdftex.def Info: Figures/temp.png  used on input line 63.
(pdftex.def)             Requested size: 93.94933pt x 90.93813pt.
<Figures/FinCirc.png, id=538, 1764.5925pt x 691.58376pt>
File: Figures/FinCirc.png Graphic file (type png)
<use Figures/FinCirc.png>
Package pdftex.def Info: Figures/FinCirc.png  used on input line 105.
(pdftex.def)             Requested size: 441.14705pt x 172.89551pt.
<Figures/mosfetX.jpg, id=540, 333.49594pt x 253.69781pt>
File: Figures/mosfetX.jpg Graphic file (type jpg)
<use Figures/mosfetX.jpg>
Package pdftex.def Info: Figures/mosfetX.jpg  used on input line 117.
(pdftex.def)             Requested size: 149.6087pt x 113.81102pt.

Underfull \hbox (badness 1189) in paragraph at lines 115--120
\OT1/lmr/m/n/12 (+20) re-port only en-hance-ment mode MOS-FETs will be used. Th
e MOS-FETs we are
 []


Underfull \hbox (badness 2689) in paragraph at lines 115--120
\OT1/lmr/m/n/12 (+20) us-ing have 3 ter-mi-nals, gate, source and drain as can 
be seen in fig-ure [][]3.3[][].
 []

[7 <./Figures/temp.png>]
<./Figures/PMOS.png, id=552, 602.25pt x 521.95pt>
File: ./Figures/PMOS.png Graphic file (type png)
<use ./Figures/PMOS.png>
Package pdftex.def Info: ./Figures/PMOS.png  used on input line 129.
(pdftex.def)             Requested size: 129.8876pt x 112.56749pt.
<./Figures/NMOS.jpg, id=553, 289.08pt x 277.9986pt>
File: ./Figures/NMOS.jpg Graphic file (type jpg)
<use ./Figures/NMOS.jpg>
Package pdftex.def Info: ./Figures/NMOS.jpg  used on input line 134.
(pdftex.def)             Requested size: 113.35524pt x 109.00864pt.
 [8 <./Figures/FinCirc.png> <./Figures/mosfetX.jpg> <./Figures/PMOS.png> <./Fig
ures/NMOS.jpg>]
<Figures/Highside.png, id=575, 612.78937pt x 540.51938pt>
File: Figures/Highside.png Graphic file (type png)
<use Figures/Highside.png>
Package pdftex.def Info: Figures/Highside.png  used on input line 173.
(pdftex.def)             Requested size: 171.57985pt x 151.34439pt.
 [9 <./Figures/Highside.png>]
Underfull \hbox (badness 10000) in paragraph at lines 183--190

 []


Underfull \hbox (badness 10000) in paragraph at lines 183--190

 []


Underfull \hbox (badness 10000) in paragraph at lines 183--190

 []

[10]

LaTeX Warning: Command \textendash invalid in math mode on input line 194.

<./Figures/hyst.png, id=595, 774.895pt x 302.12875pt>
File: ./Figures/hyst.png Graphic file (type png)
<use ./Figures/hyst.png>
Package pdftex.def Info: ./Figures/hyst.png  used on input line 196.
(pdftex.def)             Requested size: 154.97626pt x 60.42467pt.
[11 <./Figures/hyst.png>]
<./Figures/undervoltage.png, id=625, 1739.49875pt x 702.625pt>
File: ./Figures/undervoltage.png Graphic file (type png)
<use ./Figures/undervoltage.png>
Package pdftex.def Info: ./Figures/undervoltage.png  used on input line 241.
(pdftex.def)             Requested size: 417.48824pt x 168.63344pt.
 [12] [13 <./Figures/undervoltage.png>]
Underfull \hbox (badness 10000) in paragraph at lines 264--265

 []

<./Figures/A4circ.png, id=649, 876.27374pt x 367.3725pt>
File: ./Figures/A4circ.png Graphic file (type png)
<use ./Figures/A4circ.png>
Package pdftex.def Info: ./Figures/A4circ.png  used on input line 273.
(pdftex.def)             Requested size: 198.37183pt x 83.16534pt.
<./Figures/currentSense.png, id=650, 852.93657pt x 438.8897pt>
File: ./Figures/currentSense.png Graphic file (type png)
<use ./Figures/currentSense.png>
Package pdftex.def Info: ./Figures/currentSense.png  used on input line 278.
(pdftex.def)             Requested size: 236.15797pt x 121.51541pt.
[14 <./Figures/A4circ.png> <./Figures/currentSense.png>]
<Figures/loadCircuit.png, id=662, 704.6325pt x 578.16pt>
File: Figures/loadCircuit.png Graphic file (type png)
<use Figures/loadCircuit.png>
Package pdftex.def Info: Figures/loadCircuit.png  used on input line 300.
(pdftex.def)             Requested size: 188.9235pt x 155.01135pt.
) [15 <./Figures/loadCircuit.png>]
\openout2 = `Results.aux'.

 (Results.tex
Chapter 4.
<./Figures/A2-1.png, id=669, 433.62pt x 289.08pt>
File: ./Figures/A2-1.png Graphic file (type png)
<use ./Figures/A2-1.png>
Package pdftex.def Info: ./Figures/A2-1.png  used on input line 10.
(pdftex.def)             Requested size: 198.37183pt x 132.2506pt.
<./Figures/A2-2.png, id=670, 433.62pt x 289.08pt>
File: ./Figures/A2-2.png Graphic file (type png)
<use ./Figures/A2-2.png>
Package pdftex.def Info: ./Figures/A2-2.png  used on input line 15.
(pdftex.def)             Requested size: 198.37183pt x 132.2506pt.
<./Figures/A2-3.png, id=672, 433.62pt x 289.08pt>
File: ./Figures/A2-3.png Graphic file (type png)
<use ./Figures/A2-3.png>
Package pdftex.def Info: ./Figures/A2-3.png  used on input line 29.
(pdftex.def)             Requested size: 198.37183pt x 132.2506pt.
<./Figures/A2-4.png, id=673, 433.62pt x 289.08pt>
File: ./Figures/A2-4.png Graphic file (type png)
<use ./Figures/A2-4.png>
Package pdftex.def Info: ./Figures/A2-4.png  used on input line 34.
(pdftex.def)             Requested size: 198.37183pt x 132.2506pt.
[16




 <./Figures/A2-1.png> <./Figures/A2-2.png> <./Figures/A2-3.png> <./Figures/A2-4
.png>]
<./Figures/A2-5.png, id=683, 433.62pt x 289.08pt>
File: ./Figures/A2-5.png Graphic file (type png)
<use ./Figures/A2-5.png>
Package pdftex.def Info: ./Figures/A2-5.png  used on input line 50.
(pdftex.def)             Requested size: 198.37183pt x 132.2506pt.
<./Figures/A2-6.png, id=684, 433.62pt x 289.08pt>
File: ./Figures/A2-6.png Graphic file (type png)
<use ./Figures/A2-6.png>
Package pdftex.def Info: ./Figures/A2-6.png  used on input line 55.
(pdftex.def)             Requested size: 198.37183pt x 132.2506pt.
 [17 <./Figures/A2-5.png> <./Figures/A2-6.png>]
<Figures/A1.png, id=695, 867.24pt x 361.35pt>
File: Figures/A1.png Graphic file (type png)
<use Figures/A1.png>
Package pdftex.def Info: Figures/A1.png  used on input line 97.
(pdftex.def)             Requested size: 377.85419pt x 157.4396pt.
 [18 <./Figures/A1.png>]
<./Figures/A31.png, id=704, 433.62pt x 289.08pt>
File: ./Figures/A31.png Graphic file (type png)
<use ./Figures/A31.png>
Package pdftex.def Info: ./Figures/A31.png  used on input line 130.
(pdftex.def)             Requested size: 212.54073pt x 141.69453pt.
<./Figures/A32.png, id=705, 433.62pt x 289.08pt>
File: ./Figures/A32.png Graphic file (type png)
<use ./Figures/A32.png>
Package pdftex.def Info: ./Figures/A32.png  used on input line 135.
(pdftex.def)             Requested size: 212.54073pt x 141.69453pt.
<./Figures/meas2.png, id=708, 7180.8275pt x 5842.82875pt>
File: ./Figures/meas2.png Graphic file (type png)
<use ./Figures/meas2.png>
Package pdftex.def Info: ./Figures/meas2.png  used on input line 148.
(pdftex.def)             Requested size: 344.70868pt x 280.47934pt.
 [19 <./Figures/A31.png> <./Figures/A32.png> <./Figures/meas2.png>]
<./Figures/circuit.png, id=716, 414.72656pt x 259.96552pt>
File: ./Figures/circuit.png Graphic file (type png)
<use ./Figures/circuit.png>
Package pdftex.def Info: ./Figures/circuit.png  used on input line 170.
(pdftex.def)             Requested size: 226.70963pt x 142.10878pt.
<./Figures/noise.png, id=717, 433.62pt x 289.08pt>
File: ./Figures/noise.png Graphic file (type png)
<use ./Figures/noise.png>
Package pdftex.def Info: ./Figures/noise.png  used on input line 175.
(pdftex.def)             Requested size: 236.15797pt x 157.4418pt.
<./Figures/meas.png, id=720, 375.0813pt x 251.91257pt>
File: ./Figures/meas.png Graphic file (type png)
<use ./Figures/meas.png>
Package pdftex.def Info: ./Figures/meas.png  used on input line 185.
(pdftex.def)             Requested size: 262.55511pt x 176.33759pt.
 [20 <./Figures/circuit.png> <./Figures/noise.png> <./Figures/meas.png>]
Overfull \hbox (31.32277pt too wide) in paragraph at lines 219--231
 [][] 
 []

[21]
<./Figures/NMOS.png, id=740, 433.62pt x 289.08pt>
File: ./Figures/NMOS.png Graphic file (type png)
<use ./Figures/NMOS.png>
Package pdftex.def Info: ./Figures/NMOS.png  used on input line 243.
(pdftex.def)             Requested size: 198.37183pt x 132.2506pt.
<./Figures/circNMOS.png, id=741, 240.14719pt x 248.42813pt>
File: ./Figures/circNMOS.png Graphic file (type png)
<use ./Figures/circNMOS.png>
Package pdftex.def Info: ./Figures/circNMOS.png  used on input line 248.
(pdftex.def)             Requested size: 141.69621pt x 146.58269pt.
<./Figures/NMOSmeas.png, id=744, 433.62pt x 289.08pt>
File: ./Figures/NMOSmeas.png Graphic file (type png)
<use ./Figures/NMOSmeas.png>
Package pdftex.def Info: ./Figures/NMOSmeas.png  used on input line 259.
(pdftex.def)             Requested size: 260.17401pt x 173.44933pt.
 [22 <./Figures/NMOS.png> <./Figures/circNMOS.png> <./Figures/NMOSmeas.png>]
<./Figures/chargePMOSmeas.png, id=758, 433.62pt x 289.08pt>
File: ./Figures/chargePMOSmeas.png Graphic file (type png)
<use ./Figures/chargePMOSmeas.png>
Package pdftex.def Info: ./Figures/chargePMOSmeas.png  used on input line 321.
(pdftex.def)             Requested size: 226.70963pt x 151.1429pt.
<./Figures/NMOSTSCmeas.png, id=759, 433.62pt x 289.08pt>
File: ./Figures/NMOSTSCmeas.png Graphic file (type png)
<use ./Figures/NMOSTSCmeas.png>
Package pdftex.def Info: ./Figures/NMOSTSCmeas.png  used on input line 326.
(pdftex.def)             Requested size: 226.70963pt x 151.1429pt.
 [23 <./Figures/chargePMOSmeas.png> <./Figures/NMOSTSCmeas.png>]
<Figures/numx.png, id=767, 454.0965pt x 704.3916pt>
File: Figures/numx.png Graphic file (type png)
<use Figures/numx.png>
Package pdftex.def Info: Figures/numx.png  used on input line 338.
(pdftex.def)             Requested size: 401.47144pt x 622.75778pt.
) [24 <./Figures/numx.png>] (e344_A1_report.bbl
Underfull \hbox (badness 1803) in paragraph at lines 84--88
[]\OT1/lmr/m/n/12 (+20) Freiberg In-stru-ments, ``Mi-nor-ity car-rier life-time
,'' 2015. [On-
 []

[25



] [26]) [27]
\openout2 = `App-A.aux'.

 (App-A.tex
Appendix A.
<./Figures/gitHub.png, id=839, 1084.05pt x 386.94562pt>
File: ./Figures/gitHub.png Graphic file (type png)
<use ./Figures/gitHub.png>
Package pdftex.def Info: ./Figures/gitHub.png  used on input line 8.
(pdftex.def)             Requested size: 472.31595pt x 168.59158pt.

Overfull \hbox (6.79999pt too wide) in paragraph at lines 8--10
 [][] 
 []

) [28


 <./Figures/gitHub.png>]
\openout2 = `App-B.aux'.

 (App-B.tex
Appendix B.
<./Figures/datasheet.png, id=846, 640.64343pt x 510.40688pt>
File: ./Figures/datasheet.png Graphic file (type png)
<use ./Figures/datasheet.png>
Package pdftex.def Info: ./Figures/datasheet.png  used on input line 5.
(pdftex.def)             Requested size: 320.32092pt x 255.2028pt.
<Figures/circuitSTM.png, id=847, 483.8075pt x 242.9075pt>
File: Figures/circuitSTM.png Graphic file (type png)
<use Figures/circuitSTM.png>
Package pdftex.def Info: Figures/circuitSTM.png  used on input line 13.
(pdftex.def)             Requested size: 169.33516pt x 85.01889pt.
[29




 <./Figures/datasheet.png> <./Figures/circuitSTM.png>]
Appendix C.
<./Figures/schmidt.png, id=862, 600.2425pt x 204.765pt>
File: ./Figures/schmidt.png Graphic file (type png)
<use ./Figures/schmidt.png>
Package pdftex.def Info: ./Figures/schmidt.png  used on input line 43.
(pdftex.def)             Requested size: 420.16689pt x 143.3345pt.
) [30

 <./Figures/schmidt.png>]

Package caption Warning: Unused \captionsetup[algorithm] on input line 98.
See the caption package documentation for explanation.

(e344_A1_report.aux (Literature.aux) (SystemDesign.aux) (DesignDetails.aux)
(Results.aux) (App-A.aux) (App-B.aux))

LaTeX Warning: There were multiply-defined labels.

Package rerunfilecheck Info: File `e344_A1_report.out' has not changed.
(rerunfilecheck)             Checksum: 598CE8118B9861759A14ACD59881E479;5439.
 ) 
Here is how much of TeX's memory you used:
 21524 strings out of 478927
 384908 string characters out of 2864781
 812215 words of memory out of 3000000
 38565 multiletter control sequences out of 15000+600000
 487674 words of font info for 182 fonts, out of 8000000 for 9000
 1141 hyphenation exceptions out of 8191
 73i,13n,81p,2250b,943s stack positions out of 5000i,500n,10000p,200000b,80000s
{G:/Programs/miktex/fonts/enc/dvips/lm/lm-mathsy.enc}{G:/Programs/miktex/font
s/enc/dvips/lm/lm-ts1.enc}{G:/Programs/miktex/fonts/enc/dvips/lm/lm-mathit.enc}
{G:/Programs/miktex/fonts/enc/dvips/lm/lm-rm.enc}<G:/Programs/miktex/fonts/type
1/public/lm/lmbx12.pfb><G:/Programs/miktex/fonts/type1/public/lm/lmmi10.pfb><G:
/Programs/miktex/fonts/type1/public/lm/lmmi12.pfb><G:/Programs/miktex/fonts/typ
e1/public/lm/lmmi6.pfb><G:/Programs/miktex/fonts/type1/public/lm/lmmi7.pfb><G:/
Programs/miktex/fonts/type1/public/lm/lmmi8.pfb><G:/Programs/miktex/fonts/type1
/public/lm/lmr10.pfb><G:/Programs/miktex/fonts/type1/public/lm/lmr12.pfb><G:/Pr
ograms/miktex/fonts/type1/public/lm/lmr17.pfb><G:/Programs/miktex/fonts/type1/p
ublic/lm/lmr6.pfb><G:/Programs/miktex/fonts/type1/public/lm/lmr8.pfb><G:/Progra
ms/miktex/fonts/type1/public/lm/lmri12.pfb><G:/Programs/miktex/fonts/type1/publ
ic/lm/lmssbo10.pfb><G:/Programs/miktex/fonts/type1/public/lm/lmssbx10.pfb><G:/P
rograms/miktex/fonts/type1/public/lm/lmsy10.pfb><G:/Programs/miktex/fonts/type1
/public/lm/lmsy6.pfb><G:/Programs/miktex/fonts/type1/public/lm/lmsy7.pfb><G:/Pr
ograms/miktex/fonts/type1/public/lm/lmsy8.pfb>
Output written on e344_A1_report.pdf (40 pages, 11657446 bytes).
PDF statistics:
 989 PDF objects out of 1000 (max. 8388607)
 160 named destinations out of 1000 (max. 500000)
 51709 words of extra memory for PDF output out of 61914 (max. 10000000)

